# JRE version: Java(TM) SE Runtime Environment (8.0_91-b14) (build 1.8.0_91-b14)
# Java VM: Java HotSpot(TM) 64-Bit Server VM (25.91-b14 mixed mode linux-amd64 compressed oops)
Heap:
 PSYoungGen      total 152576K, used 1376K [0x00000000f0700000, 0x00000000faf00000, 0x0000000100000000)
  eden space 140288K, 0% used [0x00000000f0700000,0x00000000f0700000,0x00000000f9000000)
  from space 12288K, 11% used [0x00000000f9000000,0x00000000f9158000,0x00000000f9c00000)
  to   space 9216K, 0% used [0x00000000f9c00000,0x00000000f9c00000,0x00000000fa500000)
 ParOldGen       total 30208K, used 27971K [0x00000000d1400000, 0x00000000d3180000, 0x00000000f0700000)
  object space 30208K, 92% used [0x00000000d1400000,0x00000000d2f50eb8,0x00000000d3180000)
 Metaspace       used 34911K, capacity 35204K, committed 35496K, reserved 1081344K
  class space    used 4389K, capacity 4477K, committed 4528K, reserved 1048576K
GC Heap History (10 events):
Event: 9.340 GC heap after
Heap after GC invocations=7 (full 0):
 PSYoungGen      total 56320K, used 4428K [0x00000000f0700000, 0x00000000f7500000, 0x0000000100000000)
  eden space 49152K, 0% used [0x00000000f0700000,0x00000000f0700000,0x00000000f3700000)
  from space 7168K, 61% used [0x00000000f3700000,0x00000000f3b532b8,0x00000000f3e00000)
  to   space 7168K, 0% used [0x00000000f6e00000,0x00000000f6e00000,0x00000000f7500000)
 ParOldGen       total 32768K, used 14536K [0x00000000d1400000, 0x00000000d3400000, 0x00000000f0700000)
  object space 32768K, 44% used [0x00000000d1400000,0x00000000d2232330,0x00000000d3400000)
 Metaspace       used 21044K, capacity 21228K, committed 21296K, reserved 1069056K
  class space    used 2544K, capacity 2585K, committed 2608K, reserved 1048576K
}
Event: 9.340 GC heap before
{Heap before GC invocations=8 (full 1):
 PSYoungGen      total 56320K, used 4428K [0x00000000f0700000, 0x00000000f7500000, 0x0000000100000000)
  eden space 49152K, 0% used [0x00000000f0700000,0x00000000f0700000,0x00000000f3700000)
  from space 7168K, 61% used [0x00000000f3700000,0x00000000f3b532b8,0x00000000f3e00000)
  to   space 7168K, 0% used [0x00000000f6e00000,0x00000000f6e00000,0x00000000f7500000)
 ParOldGen       total 32768K, used 14536K [0x00000000d1400000, 0x00000000d3400000, 0x00000000f0700000)
  object space 32768K, 44% used [0x00000000d1400000,0x00000000d2232330,0x00000000d3400000)
 Metaspace       used 21044K, capacity 21228K, committed 21296K, reserved 1069056K
  class space    used 2544K, capacity 2585K, committed 2608K, reserved 1048576K
Event: 9.458 GC heap after
Heap after GC invocations=8 (full 1):
 PSYoungGen      total 56320K, used 0K [0x00000000f0700000, 0x00000000f7500000, 0x0000000100000000)
  eden space 49152K, 0% used [0x00000000f0700000,0x00000000f0700000,0x00000000f3700000)
  from space 7168K, 0% used [0x00000000f3700000,0x00000000f3700000,0x00000000f3e00000)
  to   space 7168K, 0% used [0x00000000f6e00000,0x00000000f6e00000,0x00000000f7500000)
 ParOldGen       total 30208K, used 11112K [0x00000000d1400000, 0x00000000d3180000, 0x00000000f0700000)
  object space 30208K, 36% used [0x00000000d1400000,0x00000000d1eda148,0x00000000d3180000)
 Metaspace       used 21044K, capacity 21228K, committed 21296K, reserved 1069056K
  class space    used 2544K, capacity 2585K, committed 2608K, reserved 1048576K
}
Event: 9.985 GC heap before
{Heap before GC invocations=9 (full 1):
 PSYoungGen      total 56320K, used 49152K [0x00000000f0700000, 0x00000000f7500000, 0x0000000100000000)
  eden space 49152K, 100% used [0x00000000f0700000,0x00000000f3700000,0x00000000f3700000)
  from space 7168K, 0% used [0x00000000f3700000,0x00000000f3700000,0x00000000f3e00000)
  to   space 7168K, 0% used [0x00000000f6e00000,0x00000000f6e00000,0x00000000f7500000)
 ParOldGen       total 30208K, used 11112K [0x00000000d1400000, 0x00000000d3180000, 0x00000000f0700000)
  object space 30208K, 36% used [0x00000000d1400000,0x00000000d1eda148,0x00000000d3180000)
 Metaspace       used 21405K, capacity 21612K, committed 21936K, reserved 1069056K
  class space    used 2587K, capacity 2649K, committed 2736K, reserved 1048576K
Event: 10.009 GC heap after
Heap after GC invocations=9 (full 1):
 PSYoungGen      total 99840K, used 5915K [0x00000000f0700000, 0x00000000f7400000, 0x0000000100000000)
  eden space 93696K, 0% used [0x00000000f0700000,0x00000000f0700000,0x00000000f6280000)
  from space 6144K, 96% used [0x00000000f6e00000,0x00000000f73c6cc8,0x00000000f7400000)
  to   space 7168K, 0% used [0x00000000f6600000,0x00000000f6600000,0x00000000f6d00000)
 ParOldGen       total 30208K, used 11120K [0x00000000d1400000, 0x00000000d3180000, 0x00000000f0700000)
  object space 30208K, 36% used [0x00000000d1400000,0x00000000d1edc148,0x00000000d3180000)
 Metaspace       used 21405K, capacity 21612K, committed 21936K, reserved 1069056K
  class space    used 2587K, capacity 2649K, committed 2736K, reserved 1048576K
}
Event: 18.424 GC heap before
{Heap before GC invocations=10 (full 1):
 PSYoungGen      total 99840K, used 99611K [0x00000000f0700000, 0x00000000f7400000, 0x0000000100000000)
  eden space 93696K, 100% used [0x00000000f0700000,0x00000000f6280000,0x00000000f6280000)
  from space 6144K, 96% used [0x00000000f6e00000,0x00000000f73c6cc8,0x00000000f7400000)
  to   space 7168K, 0% used [0x00000000f6600000,0x00000000f6600000,0x00000000f6d00000)
 ParOldGen       total 30208K, used 11120K [0x00000000d1400000, 0x00000000d3180000, 0x00000000f0700000)
  object space 30208K, 36% used [0x00000000d1400000,0x00000000d1edc148,0x00000000d3180000)
 Metaspace       used 27911K, capacity 28124K, committed 28336K, reserved 1075200K
  class space    used 3395K, capacity 3425K, committed 3504K, reserved 1048576K
Event: 18.450 GC heap after
Heap after GC invocations=10 (full 1):
 PSYoungGen      total 104448K, used 7167K [0x00000000f0700000, 0x00000000fa500000, 0x0000000100000000)
  eden space 97280K, 0% used [0x00000000f0700000,0x00000000f0700000,0x00000000f6600000)
  from space 7168K, 99% used [0x00000000f6600000,0x00000000f6cffc28,0x00000000f6d00000)
  to   space 9216K, 0% used [0x00000000f9c00000,0x00000000f9c00000,0x00000000fa500000)
 ParOldGen       total 30208K, used 14124K [0x00000000d1400000, 0x00000000d3180000, 0x00000000f0700000)
  object space 30208K, 46% used [0x00000000d1400000,0x00000000d21cb1b0,0x00000000d3180000)
 Metaspace       used 27911K, capacity 28124K, committed 28336K, reserved 1075200K
  class space    used 3395K, capacity 3425K, committed 3504K, reserved 1048576K
}
Event: 21.374 GC heap before
{Heap before GC invocations=11 (full 1):
 PSYoungGen      total 104448K, used 104447K [0x00000000f0700000, 0x00000000fa500000, 0x0000000100000000)
  eden space 97280K, 100% used [0x00000000f0700000,0x00000000f6600000,0x00000000f6600000)
  from space 7168K, 99% used [0x00000000f6600000,0x00000000f6cffc28,0x00000000f6d00000)
  to   space 9216K, 0% used [0x00000000f9c00000,0x00000000f9c00000,0x00000000fa500000)
 ParOldGen       total 30208K, used 14124K [0x00000000d1400000, 0x00000000d3180000, 0x00000000f0700000)
  object space 30208K, 46% used [0x00000000d1400000,0x00000000d21cb1b0,0x00000000d3180000)
 Metaspace       used 33187K, capacity 33394K, committed 33712K, reserved 1079296K
  class space    used 4189K, capacity 4234K, committed 4272K, reserved 1048576K
Event: 21.466 GC heap after
Heap after GC invocations=11 (full 1):
 PSYoungGen      total 149504K, used 9184K [0x00000000f0700000, 0x00000000faf00000, 0x0000000100000000)
  eden space 140288K, 0% used [0x00000000f0700000,0x00000000f0700000,0x00000000f9000000)
  from space 9216K, 99% used [0x00000000f9c00000,0x00000000fa4f8080,0x00000000fa500000)
  to   space 12288K, 0% used [0x00000000f9000000,0x00000000f9000000,0x00000000f9c00000)
 ParOldGen       total 30208K, used 18871K [0x00000000d1400000, 0x00000000d3180000, 0x00000000f0700000)
  object space 30208K, 62% used [0x00000000d1400000,0x00000000d266dd70,0x00000000d3180000)
 Metaspace       used 33187K, capacity 33394K, committed 33712K, reserved 1079296K
  class space    used 4189K, capacity 4234K, committed 4272K, reserved 1048576K
}
Event: 22.036 GC heap before
{Heap before GC invocations=12 (full 1):
 PSYoungGen      total 149504K, used 25888K [0x00000000f0700000, 0x00000000faf00000, 0x0000000100000000)
  eden space 140288K, 11% used [0x00000000f0700000,0x00000000f17501c0,0x00000000f9000000)
  from space 9216K, 99% used [0x00000000f9c00000,0x00000000fa4f8080,0x00000000fa500000)
  to   space 12288K, 0% used [0x00000000f9000000,0x00000000f9000000,0x00000000f9c00000)
 ParOldGen       total 30208K, used 18871K [0x00000000d1400000, 0x00000000d3180000, 0x00000000f0700000)
  object space 30208K, 62% used [0x00000000d1400000,0x00000000d266dd70,0x00000000d3180000)
 Metaspace       used 34911K, capacity 35204K, committed 35496K, reserved 1081344K
  class space    used 4389K, capacity 4477K, committed 4528K, reserved 1048576K

